[0.122s] Invoking command in '/home/pizzu01/ros2_humble/build/tm_moveit_config': CMAKE_PREFIX_PATH=/home/pizzu01/ros2_humble/install/tm_description:/home/pizzu01/ros2_humble/install/tm_moveit_config:/home/pizzu01/ros2_humble/install/ros_tcp_endpoint:/home/pizzu01/ros2_humble/install/my_ros2_package:/home/pizzu01/install/ros_tcp_endpoint:/home/pizzu01/install/my_ros2_package:/opt/ros/humble /usr/bin/cmake --build /home/pizzu01/ros2_humble/build/tm_moveit_config -- -j4 -l4
[0.167s] -- Found ament_cmake: 1.3.11 (/opt/ros/humble/share/ament_cmake/cmake)
[0.538s] -- Configuring done
[0.563s] -- Generating done
[0.568s] -- Build files have been written to: /home/pizzu01/ros2_humble/build/tm_moveit_config
[0.607s] [ 50%] [32mBuilding CXX object CMakeFiles/tm_moveit_control.dir/src/tm_moveit_control.cpp.o[0m
[0.692s] [01m[K/home/pizzu01/ros2_humble/src/tm_moveit_config/src/tm_moveit_control.cpp:1:10:[m[K [01;31m[Kfatal error: [m[Krclcpp/rclcpp.hpp: No such file or directory
[0.692s]     1 | #include [01;31m[K<rclcpp/rclcpp.hpp>[m[K
[0.692s]       |          [01;31m[K^~~~~~~~~~~~~~~~~~~[m[K
[0.692s] compilation terminated.
[0.695s] gmake[2]: *** [CMakeFiles/tm_moveit_control.dir/build.make:76: CMakeFiles/tm_moveit_control.dir/src/tm_moveit_control.cpp.o] Error 1
[0.695s] gmake[1]: *** [CMakeFiles/Makefile2:137: CMakeFiles/tm_moveit_control.dir/all] Error 2
[0.695s] gmake: *** [Makefile:146: all] Error 2
[0.699s] Invoked command in '/home/pizzu01/ros2_humble/build/tm_moveit_config' returned '2': CMAKE_PREFIX_PATH=/home/pizzu01/ros2_humble/install/tm_description:/home/pizzu01/ros2_humble/install/tm_moveit_config:/home/pizzu01/ros2_humble/install/ros_tcp_endpoint:/home/pizzu01/ros2_humble/install/my_ros2_package:/home/pizzu01/install/ros_tcp_endpoint:/home/pizzu01/install/my_ros2_package:/opt/ros/humble /usr/bin/cmake --build /home/pizzu01/ros2_humble/build/tm_moveit_config -- -j4 -l4
