[0.647s] Invoking command in '/home/pizzu01/ros2_humble/build/tm_moveit_config': /usr/bin/cmake --build /home/pizzu01/ros2_humble/build/tm_moveit_config -- -j4 -l4
[0.788s] -- Found ament_cmake: 1.3.11 (/opt/ros/humble/share/ament_cmake/cmake)
[1.138s] -- Found rclpy: 3.3.15 (/opt/ros/humble/share/rclpy/cmake)
[1.140s] -- Found moveit_ros_planning_interface: 2.5.7 (/opt/ros/humble/share/moveit_ros_planning_interface/cmake)
[1.175s] -- Found Boost: /usr/lib/x86_64-linux-gnu/cmake/Boost-1.74.0/BoostConfig.cmake (found version "1.74.0") found components: date_time filesystem program_options system thread 
[1.528s] -- Found rosidl_generator_c: 3.1.6 (/opt/ros/humble/share/rosidl_generator_c/cmake)
[1.536s] -- Found rosidl_adapter: 3.1.6 (/opt/ros/humble/share/rosidl_adapter/cmake)
[1.552s] -- Found rosidl_generator_cpp: 3.1.6 (/opt/ros/humble/share/rosidl_generator_cpp/cmake)
[1.577s] -- Using all available rosidl_typesupport_c: rosidl_typesupport_fastrtps_c;rosidl_typesupport_introspection_c
[1.612s] -- Using all available rosidl_typesupport_cpp: rosidl_typesupport_fastrtps_cpp;rosidl_typesupport_introspection_cpp
[2.141s] -- Found Boost: /usr/lib/x86_64-linux-gnu/cmake/Boost-1.74.0/BoostConfig.cmake (found version "1.74.0") found components: chrono date_time filesystem iostreams program_options regex serialization system thread 
[3.499s] -- Found parameter_traits: 0.4.0 (/opt/ros/humble/share/parameter_traits/cmake)
[3.692s] -- Found rmw_implementation_cmake: 6.1.2 (/opt/ros/humble/share/rmw_implementation_cmake/cmake)
[3.699s] -- Found rmw_cyclonedds_cpp: 1.3.4 (/opt/ros/humble/share/rmw_cyclonedds_cpp/cmake)
[3.782s] -- Using RMW implementation 'rmw_cyclonedds_cpp' as default
[3.916s] -- Found rclcpp_lifecycle: 16.0.11 (/opt/ros/humble/share/rclcpp_lifecycle/cmake)
[3.982s] -- Found Boost: /usr/lib/x86_64-linux-gnu/cmake/Boost-1.74.0/BoostConfig.cmake (found version "1.74.0") found components: filesystem 
[6.163s] -- library: /usr/lib/x86_64-linux-gnu/libcurl.so
[6.230s] -- Ensuring Eigen3 include directory is part of orocos-kdl CMake target
[8.369s] -- Found Boost: /usr/lib/x86_64-linux-gnu/cmake/Boost-1.74.0/BoostConfig.cmake (found version "1.74.0") found components: system filesystem date_time program_options thread chrono 
[8.417s] -- Found Boost: /usr/lib/x86_64-linux-gnu/cmake/Boost-1.74.0/BoostConfig.cmake (found version "1.74.0") found components: thread system filesystem regex date_time program_options 
[8.459s] -- Found Boost: /usr/lib/x86_64-linux-gnu/cmake/Boost-1.74.0/BoostConfig.cmake (found version "1.74.0") found components: system filesystem date_time program_options thread 
[8.578s] Error parsing '/home/pizzu01/ros2_humble/src/tm_moveit_config/package.xml':
[8.659s] Traceback (most recent call last):
[8.659s]   File "/opt/ros/humble/share/ament_cmake_core/cmake/core/package_xml_2_cmake.py", line 150, in <module>
[8.659s]     main()
[8.659s]   File "/opt/ros/humble/share/ament_cmake_core/cmake/core/package_xml_2_cmake.py", line 53, in main
[8.659s]     raise e
[8.659s]   File "/opt/ros/humble/share/ament_cmake_core/cmake/core/package_xml_2_cmake.py", line 49, in main
[8.659s]     package = parse_package_string(
[8.659s]   File "/usr/lib/python3/dist-packages/catkin_pkg/package.py", line 786, in parse_package_string
[8.662s]     raise InvalidPackage('Error(s):%s' % (''.join(['\n- %s' % e for e in errors])), filename)
[8.662s] catkin_pkg.package.InvalidPackage: Error(s) in package '/home/pizzu01/ros2_humble/src/tm_moveit_config/package.xml':
[8.663s] Error(s):
[8.663s] - The generic dependency on 'rclpy' is redundant with: build_depend, build_export_depend, exec_depend
[8.683s] [31mCMake Error at /opt/ros/humble/share/ament_cmake_core/cmake/core/ament_package_xml.cmake:95 (message):
[8.683s]   execute_process(/usr/bin/python3
[8.683s]   /opt/ros/humble/share/ament_cmake_core/cmake/core/package_xml_2_cmake.py
[8.683s]   /home/pizzu01/ros2_humble/src/tm_moveit_config/package.xml
[8.684s]   /home/pizzu01/ros2_humble/build/tm_moveit_config/ament_cmake_core/package.cmake)
[8.684s]   returned error code 1
[8.684s] Call Stack (most recent call first):
[8.684s]   /opt/ros/humble/share/ament_cmake_core/cmake/core/ament_package_xml.cmake:49 (_ament_package_xml)
[8.684s]   /opt/ros/humble/share/ament_cmake_core/cmake/core/ament_package.cmake:63 (ament_package_xml)
[8.684s]   CMakeLists.txt:14 (ament_package)
[8.684s] 
[8.684s] [0m
[8.685s] -- Configuring incomplete, errors occurred!
[8.685s] See also "/home/pizzu01/ros2_humble/build/tm_moveit_config/CMakeFiles/CMakeOutput.log".
[8.699s] gmake: *** [Makefile:226: cmake_check_build_system] Error 1
[8.701s] Invoked command in '/home/pizzu01/ros2_humble/build/tm_moveit_config' returned '2': /usr/bin/cmake --build /home/pizzu01/ros2_humble/build/tm_moveit_config -- -j4 -l4
