[0.081s] Invoking command in '/home/pizzu01/ros2_humble/build/hello_moveit': CMAKE_PREFIX_PATH=${CMAKE_PREFIX_PATH}:/home/pizzu01/ros2_humble/install/ros_tcp_endpoint:/home/pizzu01/ros2_humble/install/my_ros2_package:/home/pizzu01/install/ros_tcp_endpoint:/home/pizzu01/install/my_ros2_package:/opt/ros/humble /usr/bin/cmake --build /home/pizzu01/ros2_humble/build/hello_moveit -- -j4 -l4
[0.443s] [ 50%] [32mBuilding CXX object CMakeFiles/hello_moveit.dir/src/hello_moveit.cpp.o[0m
[2.076s] [01m[K/home/pizzu01/ros2_humble/src/hello_moveit/src/hello_moveit.cpp:7:38:[m[K [01;31m[Kerror: [m[Kmissing terminating > character
[2.076s]     7 | #include <tf2/LinearMath/Quaternion.h
[2.076s]       |                                      [01;31m[K^[m[K
[6.968s] [01m[K/home/pizzu01/ros2_humble/src/hello_moveit/src/hello_moveit.cpp:[m[K In function â€˜[01m[Kint main(int, char**)[m[Kâ€™:
[6.968s] [01m[K/home/pizzu01/ros2_humble/src/hello_moveit/src/hello_moveit.cpp:48:3:[m[K [01;31m[Kerror: [m[Kexpected â€˜[01m[K;[m[Kâ€™ before â€˜[01m[K}[m[Kâ€™ token
[6.968s]    48 |   [01;31m[K}[m[K
[6.968s]       |   [01;31m[K^[m[K
[9.718s] gmake[2]: *** [CMakeFiles/hello_moveit.dir/build.make:76: CMakeFiles/hello_moveit.dir/src/hello_moveit.cpp.o] Error 1
[9.718s] gmake[1]: *** [CMakeFiles/Makefile2:137: CMakeFiles/hello_moveit.dir/all] Error 2
[9.718s] gmake: *** [Makefile:146: all] Error 2
[9.721s] Invoked command in '/home/pizzu01/ros2_humble/build/hello_moveit' returned '2': CMAKE_PREFIX_PATH=${CMAKE_PREFIX_PATH}:/home/pizzu01/ros2_humble/install/ros_tcp_endpoint:/home/pizzu01/ros2_humble/install/my_ros2_package:/home/pizzu01/install/ros_tcp_endpoint:/home/pizzu01/install/my_ros2_package:/opt/ros/humble /usr/bin/cmake --build /home/pizzu01/ros2_humble/build/hello_moveit -- -j4 -l4
