[ 50%] [32mBuilding CXX object CMakeFiles/tm_moveit_config.dir/src/tm_moveit_control.cpp.o[0m
[01m[K/home/pizzu01/ros2_humble/src/tm_moveit_config/src/tm_moveit_control.cpp:1:10:[m[K [01;31m[Kfatal error: [m[Krclcpp/rclcpp.hpp: No such file or directory
    1 | #include [01;31m[K<rclcpp/rclcpp.hpp>[m[K
      |          [01;31m[K^~~~~~~~~~~~~~~~~~~[m[K
compilation terminated.
gmake[2]: *** [CMakeFiles/tm_moveit_config.dir/build.make:76: CMakeFiles/tm_moveit_config.dir/src/tm_moveit_control.cpp.o] Error 1
gmake[1]: *** [CMakeFiles/Makefile2:137: CMakeFiles/tm_moveit_config.dir/all] Error 2
gmake: *** [Makefile:146: all] Error 2
